<?xml version="1.0" encoding="UTF-8"?>
<testsuite xmlns:xsi="http://www.w3.org/2001/XMLSchema-instance" xsi:noNamespaceSchemaLocation="https://maven.apache.org/surefire/maven-surefire-plugin/xsd/surefire-test-report-3.0.xsd" version="3.0" name="entidad.EntSolicitudDetalleTest" time="0.012" tests="15" errors="0" skipped="0" failures="0">
  <properties>
    <property name="java.specification.version" value="18"/>
    <property name="sun.cpu.isalist" value="amd64"/>
    <property name="sun.jnu.encoding" value="Cp1252"/>
    <property name="java.class.path" value="C:\Users\renat\Documents\NetBeansProjects\lacanastamaven\target\test-classes;C:\Users\renat\Documents\NetBeansProjects\lacanastamaven\target\classes;C:\Users\renat\.m2\repository\jakarta\platform\jakarta.jakartaee-api\8.0.0\jakarta.jakartaee-api-8.0.0.jar;C:\Users\renat\.m2\repository\junit\junit\4.13.2\junit-4.13.2.jar;C:\Users\renat\.m2\repository\org\hamcrest\hamcrest-core\1.3\hamcrest-core-1.3.jar;C:\Users\renat\.m2\repository\javax\javaee-web-api\7.0\javaee-web-api-7.0.jar;C:\Users\renat\.m2\repository\mysql\mysql-connector-java\8.0.28\mysql-connector-java-8.0.28.jar;C:\Users\renat\.m2\repository\com\google\protobuf\protobuf-java\3.11.4\protobuf-java-3.11.4.jar;C:\Users\renat\.m2\repository\io\cucumber\cucumber-java\6.10.4\cucumber-java-6.10.4.jar;C:\Users\renat\.m2\repository\io\cucumber\cucumber-core\6.10.4\cucumber-core-6.10.4.jar;C:\Users\renat\.m2\repository\io\cucumber\cucumber-gherkin\6.10.4\cucumber-gherkin-6.10.4.jar;C:\Users\renat\.m2\repository\io\cucumber\cucumber-gherkin-messages\6.10.4\cucumber-gherkin-messages-6.10.4.jar;C:\Users\renat\.m2\repository\io\cucumber\messages\15.0.0\messages-15.0.0.jar;C:\Users\renat\.m2\repository\io\cucumber\tag-expressions\3.0.1\tag-expressions-3.0.1.jar;C:\Users\renat\.m2\repository\io\cucumber\cucumber-expressions\10.3.0\cucumber-expressions-10.3.0.jar;C:\Users\renat\.m2\repository\io\cucumber\datatable\3.5.0\datatable-3.5.0.jar;C:\Users\renat\.m2\repository\io\cucumber\cucumber-plugin\6.10.4\cucumber-plugin-6.10.4.jar;C:\Users\renat\.m2\repository\io\cucumber\docstring\6.10.4\docstring-6.10.4.jar;C:\Users\renat\.m2\repository\io\cucumber\html-formatter\13.0.0\html-formatter-13.0.0.jar;C:\Users\renat\.m2\repository\io\cucumber\create-meta\4.0.0\create-meta-4.0.0.jar;C:\Users\renat\.m2\repository\org\apiguardian\apiguardian-api\1.1.1\apiguardian-api-1.1.1.jar;C:\Users\renat\.m2\repository\io\cucumber\cucumber-junit\6.10.4\cucumber-junit-6.10.4.jar;C:\Users\renat\.m2\repository\io\qameta\allure\allure-cucumber6-jvm\2.13.8\allure-cucumber6-jvm-2.13.8.jar;C:\Users\renat\.m2\repository\io\qameta\allure\allure-java-commons\2.13.8\allure-java-commons-2.13.8.jar;C:\Users\renat\.m2\repository\io\qameta\allure\allure-model\2.13.8\allure-model-2.13.8.jar;C:\Users\renat\.m2\repository\org\slf4j\slf4j-api\1.7.30\slf4j-api-1.7.30.jar;C:\Users\renat\.m2\repository\com\fasterxml\jackson\core\jackson-databind\2.11.3\jackson-databind-2.11.3.jar;C:\Users\renat\.m2\repository\com\fasterxml\jackson\core\jackson-annotations\2.11.3\jackson-annotations-2.11.3.jar;C:\Users\renat\.m2\repository\com\fasterxml\jackson\core\jackson-core\2.11.3\jackson-core-2.11.3.jar;C:\Users\renat\.m2\repository\org\apache\tika\tika-core\1.24.1\tika-core-1.24.1.jar;C:\Users\renat\.m2\repository\org\jooq\joor-java-8\0.9.13\joor-java-8-0.9.13.jar;C:\Users\renat\.m2\repository\io\cucumber\gherkin\15.0.2\gherkin-15.0.2.jar;C:\Users\renat\.m2\repository\javax\servlet\javax.servlet-api\4.0.1\javax.servlet-api-4.0.1.jar;C:\Users\renat\.m2\repository\org\mockito\mockito-core\3.12.4\mockito-core-3.12.4.jar;C:\Users\renat\.m2\repository\net\bytebuddy\byte-buddy\1.11.13\byte-buddy-1.11.13.jar;C:\Users\renat\.m2\repository\net\bytebuddy\byte-buddy-agent\1.11.13\byte-buddy-agent-1.11.13.jar;C:\Users\renat\.m2\repository\org\objenesis\objenesis\3.2\objenesis-3.2.jar;"/>
    <property name="java.vm.vendor" value="Oracle Corporation"/>
    <property name="sun.arch.data.model" value="64"/>
    <property name="user.variant" value=""/>
    <property name="java.vendor.url" value="https://java.oracle.com/"/>
    <property name="user.timezone" value="America/Bogota"/>
    <property name="os.name" value="Windows 10"/>
    <property name="java.vm.specification.version" value="18"/>
    <property name="user.country" value="ES"/>
    <property name="sun.java.launcher" value="SUN_STANDARD"/>
    <property name="sun.boot.library.path" value="C:\Program Files\Java\jdk-18.0.1\bin"/>
    <property name="sun.java.command" value="C:\Users\renat\AppData\Local\Temp\surefire2484131811077237021\surefirebooter-20230704101658457_3.jar C:\Users\renat\AppData\Local\Temp\surefire2484131811077237021 2023-07-04T10-16-58_294-jvmRun1 surefire-20230704101658457_1tmp surefire_0-20230704101658457_2tmp"/>
    <property name="jdk.debug" value="release"/>
    <property name="surefire.test.class.path" value="C:\Users\renat\Documents\NetBeansProjects\lacanastamaven\target\test-classes;C:\Users\renat\Documents\NetBeansProjects\lacanastamaven\target\classes;C:\Users\renat\.m2\repository\jakarta\platform\jakarta.jakartaee-api\8.0.0\jakarta.jakartaee-api-8.0.0.jar;C:\Users\renat\.m2\repository\junit\junit\4.13.2\junit-4.13.2.jar;C:\Users\renat\.m2\repository\org\hamcrest\hamcrest-core\1.3\hamcrest-core-1.3.jar;C:\Users\renat\.m2\repository\javax\javaee-web-api\7.0\javaee-web-api-7.0.jar;C:\Users\renat\.m2\repository\mysql\mysql-connector-java\8.0.28\mysql-connector-java-8.0.28.jar;C:\Users\renat\.m2\repository\com\google\protobuf\protobuf-java\3.11.4\protobuf-java-3.11.4.jar;C:\Users\renat\.m2\repository\io\cucumber\cucumber-java\6.10.4\cucumber-java-6.10.4.jar;C:\Users\renat\.m2\repository\io\cucumber\cucumber-core\6.10.4\cucumber-core-6.10.4.jar;C:\Users\renat\.m2\repository\io\cucumber\cucumber-gherkin\6.10.4\cucumber-gherkin-6.10.4.jar;C:\Users\renat\.m2\repository\io\cucumber\cucumber-gherkin-messages\6.10.4\cucumber-gherkin-messages-6.10.4.jar;C:\Users\renat\.m2\repository\io\cucumber\messages\15.0.0\messages-15.0.0.jar;C:\Users\renat\.m2\repository\io\cucumber\tag-expressions\3.0.1\tag-expressions-3.0.1.jar;C:\Users\renat\.m2\repository\io\cucumber\cucumber-expressions\10.3.0\cucumber-expressions-10.3.0.jar;C:\Users\renat\.m2\repository\io\cucumber\datatable\3.5.0\datatable-3.5.0.jar;C:\Users\renat\.m2\repository\io\cucumber\cucumber-plugin\6.10.4\cucumber-plugin-6.10.4.jar;C:\Users\renat\.m2\repository\io\cucumber\docstring\6.10.4\docstring-6.10.4.jar;C:\Users\renat\.m2\repository\io\cucumber\html-formatter\13.0.0\html-formatter-13.0.0.jar;C:\Users\renat\.m2\repository\io\cucumber\create-meta\4.0.0\create-meta-4.0.0.jar;C:\Users\renat\.m2\repository\org\apiguardian\apiguardian-api\1.1.1\apiguardian-api-1.1.1.jar;C:\Users\renat\.m2\repository\io\cucumber\cucumber-junit\6.10.4\cucumber-junit-6.10.4.jar;C:\Users\renat\.m2\repository\io\qameta\allure\allure-cucumber6-jvm\2.13.8\allure-cucumber6-jvm-2.13.8.jar;C:\Users\renat\.m2\repository\io\qameta\allure\allure-java-commons\2.13.8\allure-java-commons-2.13.8.jar;C:\Users\renat\.m2\repository\io\qameta\allure\allure-model\2.13.8\allure-model-2.13.8.jar;C:\Users\renat\.m2\repository\org\slf4j\slf4j-api\1.7.30\slf4j-api-1.7.30.jar;C:\Users\renat\.m2\repository\com\fasterxml\jackson\core\jackson-databind\2.11.3\jackson-databind-2.11.3.jar;C:\Users\renat\.m2\repository\com\fasterxml\jackson\core\jackson-annotations\2.11.3\jackson-annotations-2.11.3.jar;C:\Users\renat\.m2\repository\com\fasterxml\jackson\core\jackson-core\2.11.3\jackson-core-2.11.3.jar;C:\Users\renat\.m2\repository\org\apache\tika\tika-core\1.24.1\tika-core-1.24.1.jar;C:\Users\renat\.m2\repository\org\jooq\joor-java-8\0.9.13\joor-java-8-0.9.13.jar;C:\Users\renat\.m2\repository\io\cucumber\gherkin\15.0.2\gherkin-15.0.2.jar;C:\Users\renat\.m2\repository\javax\servlet\javax.servlet-api\4.0.1\javax.servlet-api-4.0.1.jar;C:\Users\renat\.m2\repository\org\mockito\mockito-core\3.12.4\mockito-core-3.12.4.jar;C:\Users\renat\.m2\repository\net\bytebuddy\byte-buddy\1.11.13\byte-buddy-1.11.13.jar;C:\Users\renat\.m2\repository\net\bytebuddy\byte-buddy-agent\1.11.13\byte-buddy-agent-1.11.13.jar;C:\Users\renat\.m2\repository\org\objenesis\objenesis\3.2\objenesis-3.2.jar;"/>
    <property name="sun.cpu.endian" value="little"/>
    <property name="user.home" value="C:\Users\renat"/>
    <property name="user.language" value="es"/>
    <property name="java.specification.vendor" value="Oracle Corporation"/>
    <property name="java.version.date" value="2022-04-19"/>
    <property name="java.home" value="C:\Program Files\Java\jdk-18.0.1"/>
    <property name="file.separator" value="\"/>
    <property name="basedir" value="C:\Users\renat\Documents\NetBeansProjects\lacanastamaven"/>
    <property name="java.vm.compressedOopsMode" value="Zero based"/>
    <property name="line.separator" value="&#10;"/>
    <property name="java.vm.specification.vendor" value="Oracle Corporation"/>
    <property name="java.specification.name" value="Java Platform API Specification"/>
    <property name="surefire.real.class.path" value="C:\Users\renat\AppData\Local\Temp\surefire2484131811077237021\surefirebooter-20230704101658457_3.jar"/>
    <property name="user.script" value=""/>
    <property name="sun.management.compiler" value="HotSpot 64-Bit Tiered Compilers"/>
    <property name="java.runtime.version" value="18.0.1+10-24"/>
    <property name="user.name" value="renat"/>
    <property name="path.separator" value=";"/>
    <property name="os.version" value="10.0"/>
    <property name="java.runtime.name" value="Java(TM) SE Runtime Environment"/>
    <property name="file.encoding" value="UTF-8"/>
    <property name="java.vm.name" value="Java HotSpot(TM) 64-Bit Server VM"/>
    <property name="maven.ext.class.path" value="C:\Program Files\NetBeans-18\netbeans\java\maven-nblib\netbeans-eventspy.jar"/>
    <property name="localRepository" value="C:\Users\renat\.m2\repository"/>
    <property name="java.vendor.url.bug" value="https://bugreport.java.com/bugreport/"/>
    <property name="java.io.tmpdir" value="C:\Users\renat\AppData\Local\Temp\"/>
    <property name="java.version" value="18.0.1"/>
    <property name="user.dir" value="C:\Users\renat\Documents\NetBeansProjects\lacanastamaven"/>
    <property name="os.arch" value="amd64"/>
    <property name="java.vm.specification.name" value="Java Virtual Machine Specification"/>
    <property name="sun.os.patch.level" value=""/>
    <property name="native.encoding" value="Cp1252"/>
    <property name="java.library.path" value="C:\Program Files\Java\jdk-18.0.1\bin;C:\Windows\Sun\Java\bin;C:\Windows\system32;C:\Windows;C:\Program Files\Common Files\Oracle\Java\javapath;C:\Program Files (x86)\Common Files\Oracle\Java\javapath;C:\Program Files\Python311\Scripts\;C:\Program Files\Python311\;C:\Windows\system32;C:\Windows;C:\Windows\System32\Wbem;C:\Windows\System32\WindowsPowerShell\v1.0\;C:\Windows\System32\OpenSSH\;C:\Program Files\Docker\Docker\resources\bin;C:\Program Files\Git\cmd;C:\Program Files\PowerShell\7\;C:\Program Files\dotnet\;C:\Program Files\PuTTY\;C:\Program Files (x86)\Microsoft SQL Server\150\Tools\Binn\;C:\Program Files\Microsoft SQL Server\150\Tools\Binn\;C:\Program Files (x86)\Microsoft SQL Server\150\DTS\Binn\;C:\Program Files\Microsoft SQL Server\150\DTS\Binn\;C:\Program Files\Microsoft SQL Server\Client SDK\ODBC\170\Tools\Binn\;C:\Program Files\Azure Data Studio\bin;C:\Users\renat\AppData\Local\Microsoft\WindowsApps;;C:\Users\renat\AppData\Local\Programs\Microsoft VS Code\bin;C:\Users\renat\.dotnet\tools;C:\Users\renat\AppData\Local\Programs\Azure Data Studio\bin;C:\Program Files\Azure Data Studio\bin;."/>
    <property name="java.vm.info" value="mixed mode, sharing"/>
    <property name="java.vendor" value="Oracle Corporation"/>
    <property name="java.vm.version" value="18.0.1+10-24"/>
    <property name="sun.io.unicode.encoding" value="UnicodeLittle"/>
    <property name="java.class.version" value="62.0"/>
  </properties>
  <testcase name="testSetunidad" classname="entidad.EntSolicitudDetalleTest" time="0.001">
    <system-out><![CDATA[setunidad
]]></system-out>
  </testcase>
  <testcase name="testGetprecio" classname="entidad.EntSolicitudDetalleTest" time="0.002">
    <system-out><![CDATA[getprecio
]]></system-out>
  </testcase>
  <testcase name="testGetunidad" classname="entidad.EntSolicitudDetalleTest" time="0.001">
    <system-out><![CDATA[getunidad
]]></system-out>
  </testcase>
  <testcase name="testEntSolicitudDetalleConstructor" classname="entidad.EntSolicitudDetalleTest" time="0">
    <system-out><![CDATA[EntSolicitudDetalle constructor
]]></system-out>
  </testcase>
  <testcase name="testGetid" classname="entidad.EntSolicitudDetalleTest" time="0.001">
    <system-out><![CDATA[getid
]]></system-out>
  </testcase>
  <testcase name="testSetid" classname="entidad.EntSolicitudDetalleTest" time="0">
    <system-out><![CDATA[setid
]]></system-out>
  </testcase>
  <testcase name="testGetinsumo_id" classname="entidad.EntSolicitudDetalleTest" time="0.001">
    <system-out><![CDATA[getinsumo_id
]]></system-out>
  </testcase>
  <testcase name="testGetsolicitud_id" classname="entidad.EntSolicitudDetalleTest" time="0.001">
    <system-out><![CDATA[getsolicitud_id
]]></system-out>
  </testcase>
  <testcase name="testSetsolicitud_id" classname="entidad.EntSolicitudDetalleTest" time="0">
    <system-out><![CDATA[setsolicitud_id
]]></system-out>
  </testcase>
  <testcase name="testSetinsumo_id" classname="entidad.EntSolicitudDetalleTest" time="0">
    <system-out><![CDATA[setinsumo_id
]]></system-out>
  </testcase>
  <testcase name="testSetcantidad" classname="entidad.EntSolicitudDetalleTest" time="0.001">
    <system-out><![CDATA[setcantidad
]]></system-out>
  </testcase>
  <testcase name="testGetcantidad" classname="entidad.EntSolicitudDetalleTest" time="0">
    <system-out><![CDATA[getcantidad
]]></system-out>
  </testcase>
  <testcase name="testSetestado" classname="entidad.EntSolicitudDetalleTest" time="0.001">
    <system-out><![CDATA[setestado
]]></system-out>
  </testcase>
  <testcase name="testGetestado" classname="entidad.EntSolicitudDetalleTest" time="0.001">
    <system-out><![CDATA[getestado
]]></system-out>
  </testcase>
  <testcase name="testSetprecio" classname="entidad.EntSolicitudDetalleTest" time="0">
    <system-out><![CDATA[setprecio
]]></system-out>
  </testcase>
</testsuite>